<?xml version="1.0" encoding="UTF-8"?>
<!-- Generated by org.testng.reporters.JUnitReportReporter -->
<testsuite skipped="0" hostname="Renass-MacBook-Pro.local" name="selenium.testng.EtsyPage" tests="1" failures="0" timestamp="2021-02-20T13:30:38 CST" time="7.136" errors="0">
  <testcase name="parametersTest" time="7.136" classname="selenium.testng.EtsyPage"/>
  <system-out/>
</testsuite> <!-- selenium.testng.EtsyPage -->
